[2024-04-26-20-03-27] [[32mINFO[0m] DrawHandler: Loading texture, length: 4
[2024-04-26-20-03-27] [[32mINFO[0m] DrawHandler: Loading texture, length: 4
[2024-04-26-20-03-27] [[32mINFO[0m] DrawHandler: Loading texture, length: 4
[2024-04-26-20-03-27] [[32mINFO[0m] DrawHandler: Loading texture, length: 4
[2024-04-26-20-03-27] [[32mINFO[0m] DrawHandler: Loading texture, length: 4
[2024-04-26-20-03-27] [[32mINFO[0m] DrawHandler: Loading texture, length: 4
[2024-04-26-20-03-27] [[32mINFO[0m] DrawHandler: Loading texture, length: 4
[2024-04-26-20-03-27] [[32mINFO[0m] DrawHandler: Loading texture, length: 4
[2024-04-26-20-03-27] [[32mINFO[0m] DrawHandler: Loading texture, length: 4
[2024-04-26-20-03-27] [[32mINFO[0m] DrawHandler: Loading texture, length: 4
[2024-04-26-20-03-27] [[32mINFO[0m] DrawHandler: Loading texture, length: 4
[2024-04-26-20-03-27] [[32mINFO[0m] DrawHandler: Loading texture, length: 4
[2024-04-26-20-03-27] [[32mINFO[0m] DrawHandler: Loading texture, length: 4
[2024-04-26-20-03-27] [[32mINFO[0m] DrawHandler: Loading texture, length: 4
[2024-04-26-20-03-27] [[32mINFO[0m] DrawHandler: Loading texture, length: 4
[2024-04-26-20-03-27] [[32mINFO[0m] DrawHandler: Loading anim: goblin_idle, length: 7
[2024-04-26-20-03-27] [[32mINFO[0m] DrawHandler: Loading anim: player_idle, length: 4
[2024-04-26-20-03-27] [[32mINFO[0m] DrawHandler: Loading anim: test, length: 5
[2024-04-26-20-03-27] [[32mINFO[0m] DrawHandler: Loading anim: goblin_att_down, length: 6
[2024-04-26-20-03-27] [[32mINFO[0m] DrawHandler: Loading anim: goblin_right, length: 6
[2024-04-26-20-03-27] [[32mINFO[0m] DrawHandler: Loading anim: tree, length: 4
[2024-04-26-20-03-27] [[32mINFO[0m] DrawHandler: Loading anim: goblin_att_up, length: 6
[2024-04-26-20-03-27] [[32mINFO[0m] DrawHandler: Loading anim: player_down, length: 2
[2024-04-26-20-03-27] [[32mINFO[0m] DrawHandler: Loading anim: player_right, length: 2
[2024-04-26-20-03-27] [[32mINFO[0m] DrawHandler: Loading anim: knight_idle, length: 6
[2024-04-26-20-03-27] [[32mINFO[0m] DrawHandler: Loading anim: goblin_left, length: 6
[2024-04-26-20-03-27] [[32mINFO[0m] DrawHandler: Loading anim: player_up, length: 2
[2024-04-26-20-03-27] [[32mINFO[0m] DrawHandler: Loading anim: player_left, length: 2
[2024-04-26-20-03-27] [[32mINFO[0m] DrawHandler: Loading anim: goblin_att_right, length: 6
[2024-04-26-20-03-27] [[32mINFO[0m] DrawHandler: Loading anim: goblin_tower, length: 4
[2024-04-26-20-03-27] [[32mINFO[0m] DrawHandler: Loading anim: goblin_att_left, length: 6
[2024-04-26-20-03-27] [[33mWARNING[0m] Npc: Unknown npc: Brookcol
